# JRE version: OpenJDK Runtime Environment Temurin-21.0.9+10 (21.0.9+10) (build 21.0.9+10-LTS)
# Java VM: OpenJDK 64-Bit Server VM Temurin-21.0.9+10 (21.0.9+10-LTS, mixed mode, sharing, tiered, compressed oops, compressed class ptrs, parallel gc, windows-amd64)
GC Precious Log:
 CardTable entry size: 512
 CPUs: 8 total, 8 available
 Memory: 16220M
 Large Page Support: Disabled
 NUMA Support: Disabled
 Compressed Oops: Enabled (32-bit)
 Alignments: Space 512K, Generation 512K, Heap 2M
 Heap Min Capacity: 100M
 Heap Initial Capacity: 100M
 Heap Max Capacity: 2G
 Pre-touch: Disabled
 Parallel Workers: 8
Heap:
 PSYoungGen      total 6144K, used 4147K [0x00000000d5580000, 0x00000000d5c80000, 0x0000000100000000)
  eden space 5120K, 76% used [0x00000000d5580000,0x00000000d594cdc8,0x00000000d5a80000)
  from space 1024K, 25% used [0x00000000d5a80000,0x00000000d5ac0000,0x00000000d5b80000)
  to   space 512K, 0% used [0x00000000d5c00000,0x00000000d5c00000,0x00000000d5c80000)
 ParOldGen       total 188416K, used 188327K [0x0000000080000000, 0x000000008b800000, 0x00000000d5580000)
  object space 188416K, 99% used [0x0000000080000000,0x000000008b7e9fc0,0x000000008b800000)
 Metaspace       used 83599K, committed 85376K, reserved 1179648K
  class space    used 8701K, committed 9536K, reserved 1048576K
GC Heap History (20 events):
Event: 535.875 GC heap before
{Heap before GC invocations=522 (full 4):
 PSYoungGen      total 6144K, used 5530K [0x00000000d5580000, 0x00000000d5d80000, 0x0000000100000000)
  eden space 5120K, 100% used [0x00000000d5580000,0x00000000d5a80000,0x00000000d5a80000)
  from space 1024K, 40% used [0x00000000d5b80000,0x00000000d5be68c8,0x00000000d5c80000)
  to   space 512K, 0% used [0x00000000d5d00000,0x00000000d5d00000,0x00000000d5d80000)
 ParOldGen       total 183808K, used 183354K [0x0000000080000000, 0x000000008b380000, 0x00000000d5580000)
  object space 183808K, 99% used [0x0000000080000000,0x000000008b30ead8,0x000000008b380000)
 Metaspace       used 83211K, committed 84992K, reserved 1179648K
  class space    used 8669K, committed 9472K, reserved 1048576K
}
Event: 535.878 GC heap after
{Heap after GC invocations=522 (full 4):
 PSYoungGen      total 5632K, used 270K [0x00000000d5580000, 0x00000000d5d80000, 0x0000000100000000)
  eden space 5120K, 0% used [0x00000000d5580000,0x00000000d5580000,0x00000000d5a80000)
  from space 512K, 52% used [0x00000000d5d00000,0x00000000d5d43b00,0x00000000d5d80000)
  to   space 512K, 0% used [0x00000000d5c80000,0x00000000d5c80000,0x00000000d5d00000)
 ParOldGen       total 183808K, used 183636K [0x0000000080000000, 0x000000008b380000, 0x00000000d5580000)
  object space 183808K, 99% used [0x0000000080000000,0x000000008b3553a0,0x000000008b380000)
 Metaspace       used 83211K, committed 84992K, reserved 1179648K
  class space    used 8669K, committed 9472K, reserved 1048576K
}
Event: 535.888 GC heap before
{Heap before GC invocations=523 (full 4):
 PSYoungGen      total 5632K, used 5390K [0x00000000d5580000, 0x00000000d5d80000, 0x0000000100000000)
  eden space 5120K, 100% used [0x00000000d5580000,0x00000000d5a80000,0x00000000d5a80000)
  from space 512K, 52% used [0x00000000d5d00000,0x00000000d5d43b00,0x00000000d5d80000)
  to   space 512K, 0% used [0x00000000d5c80000,0x00000000d5c80000,0x00000000d5d00000)
 ParOldGen       total 183808K, used 183636K [0x0000000080000000, 0x000000008b380000, 0x00000000d5580000)
  object space 183808K, 99% used [0x0000000080000000,0x000000008b3553a0,0x000000008b380000)
 Metaspace       used 83211K, committed 84992K, reserved 1179648K
  class space    used 8669K, committed 9472K, reserved 1048576K
}
Event: 535.889 GC heap after
{Heap after GC invocations=523 (full 4):
 PSYoungGen      total 5632K, used 420K [0x00000000d5580000, 0x00000000d5d80000, 0x0000000100000000)
  eden space 5120K, 0% used [0x00000000d5580000,0x00000000d5580000,0x00000000d5a80000)
  from space 512K, 82% used [0x00000000d5c80000,0x00000000d5ce9210,0x00000000d5d00000)
  to   space 512K, 0% used [0x00000000d5d00000,0x00000000d5d00000,0x00000000d5d80000)
 ParOldGen       total 183808K, used 183684K [0x0000000080000000, 0x000000008b380000, 0x00000000d5580000)
  object space 183808K, 99% used [0x0000000080000000,0x000000008b3613a0,0x000000008b380000)
 Metaspace       used 83211K, committed 84992K, reserved 1179648K
  class space    used 8669K, committed 9472K, reserved 1048576K
}
Event: 535.897 GC heap before
{Heap before GC invocations=524 (full 4):
 PSYoungGen      total 5632K, used 5540K [0x00000000d5580000, 0x00000000d5d80000, 0x0000000100000000)
  eden space 5120K, 100% used [0x00000000d5580000,0x00000000d5a80000,0x00000000d5a80000)
  from space 512K, 82% used [0x00000000d5c80000,0x00000000d5ce9210,0x00000000d5d00000)
  to   space 512K, 0% used [0x00000000d5d00000,0x00000000d5d00000,0x00000000d5d80000)
 ParOldGen       total 183808K, used 183684K [0x0000000080000000, 0x000000008b380000, 0x00000000d5580000)
  object space 183808K, 99% used [0x0000000080000000,0x000000008b3613a0,0x000000008b380000)
 Metaspace       used 83212K, committed 84992K, reserved 1179648K
  class space    used 8669K, committed 9472K, reserved 1048576K
}
Event: 535.898 GC heap after
{Heap after GC invocations=524 (full 4):
 PSYoungGen      total 5632K, used 512K [0x00000000d5580000, 0x00000000d5d80000, 0x0000000100000000)
  eden space 5120K, 0% used [0x00000000d5580000,0x00000000d5580000,0x00000000d5a80000)
  from space 512K, 100% used [0x00000000d5d00000,0x00000000d5d80000,0x00000000d5d80000)
  to   space 1536K, 0% used [0x00000000d5a80000,0x00000000d5a80000,0x00000000d5c00000)
 ParOldGen       total 184320K, used 184201K [0x0000000080000000, 0x000000008b400000, 0x00000000d5580000)
  object space 184320K, 99% used [0x0000000080000000,0x000000008b3e24c0,0x000000008b400000)
 Metaspace       used 83212K, committed 84992K, reserved 1179648K
  class space    used 8669K, committed 9472K, reserved 1048576K
}
Event: 535.916 GC heap before
{Heap before GC invocations=525 (full 4):
 PSYoungGen      total 5632K, used 5632K [0x00000000d5580000, 0x00000000d5d80000, 0x0000000100000000)
  eden space 5120K, 100% used [0x00000000d5580000,0x00000000d5a80000,0x00000000d5a80000)
  from space 512K, 100% used [0x00000000d5d00000,0x00000000d5d80000,0x00000000d5d80000)
  to   space 1536K, 0% used [0x00000000d5a80000,0x00000000d5a80000,0x00000000d5c00000)
 ParOldGen       total 184320K, used 184201K [0x0000000080000000, 0x000000008b400000, 0x00000000d5580000)
  object space 184320K, 99% used [0x0000000080000000,0x000000008b3e24c0,0x000000008b400000)
 Metaspace       used 83229K, committed 84992K, reserved 1179648K
  class space    used 8669K, committed 9472K, reserved 1048576K
}
Event: 535.917 GC heap after
{Heap after GC invocations=525 (full 4):
 PSYoungGen      total 6656K, used 1504K [0x00000000d5580000, 0x00000000d5e80000, 0x0000000100000000)
  eden space 5120K, 0% used [0x00000000d5580000,0x00000000d5580000,0x00000000d5a80000)
  from space 1536K, 97% used [0x00000000d5a80000,0x00000000d5bf8000,0x00000000d5c00000)
  to   space 2048K, 0% used [0x00000000d5c80000,0x00000000d5c80000,0x00000000d5e80000)
 ParOldGen       total 184832K, used 184733K [0x0000000080000000, 0x000000008b480000, 0x00000000d5580000)
  object space 184832K, 99% used [0x0000000080000000,0x000000008b4674d0,0x000000008b480000)
 Metaspace       used 83229K, committed 84992K, reserved 1179648K
  class space    used 8669K, committed 9472K, reserved 1048576K
}
Event: 535.928 GC heap before
{Heap before GC invocations=526 (full 4):
 PSYoungGen      total 6656K, used 6618K [0x00000000d5580000, 0x00000000d5e80000, 0x0000000100000000)
  eden space 5120K, 99% used [0x00000000d5580000,0x00000000d5a7ea20,0x00000000d5a80000)
  from space 1536K, 97% used [0x00000000d5a80000,0x00000000d5bf8000,0x00000000d5c00000)
  to   space 2048K, 0% used [0x00000000d5c80000,0x00000000d5c80000,0x00000000d5e80000)
 ParOldGen       total 184832K, used 184733K [0x0000000080000000, 0x000000008b480000, 0x00000000d5580000)
  object space 184832K, 99% used [0x0000000080000000,0x000000008b4674d0,0x000000008b480000)
 Metaspace       used 83239K, committed 85056K, reserved 1179648K
  class space    used 8669K, committed 9472K, reserved 1048576K
}
Event: 535.931 GC heap after
{Heap after GC invocations=526 (full 4):
 PSYoungGen      total 5632K, used 320K [0x00000000d5580000, 0x00000000d5d00000, 0x0000000100000000)
  eden space 5120K, 0% used [0x00000000d5580000,0x00000000d5580000,0x00000000d5a80000)
  from space 512K, 62% used [0x00000000d5c80000,0x00000000d5cd0000,0x00000000d5d00000)
  to   space 1024K, 0% used [0x00000000d5b00000,0x00000000d5b00000,0x00000000d5c00000)
 ParOldGen       total 186368K, used 186120K [0x0000000080000000, 0x000000008b600000, 0x00000000d5580000)
  object space 186368K, 99% used [0x0000000080000000,0x000000008b5c23e0,0x000000008b600000)
 Metaspace       used 83239K, committed 85056K, reserved 1179648K
  class space    used 8669K, committed 9472K, reserved 1048576K
}
Event: 535.937 GC heap before
{Heap before GC invocations=527 (full 4):
 PSYoungGen      total 5632K, used 5440K [0x00000000d5580000, 0x00000000d5d00000, 0x0000000100000000)
  eden space 5120K, 100% used [0x00000000d5580000,0x00000000d5a80000,0x00000000d5a80000)
  from space 512K, 62% used [0x00000000d5c80000,0x00000000d5cd0000,0x00000000d5d00000)
  to   space 1024K, 0% used [0x00000000d5b00000,0x00000000d5b00000,0x00000000d5c00000)
 ParOldGen       total 186368K, used 186120K [0x0000000080000000, 0x000000008b600000, 0x00000000d5580000)
  object space 186368K, 99% used [0x0000000080000000,0x000000008b5c23e0,0x000000008b600000)
 Metaspace       used 83241K, committed 85056K, reserved 1179648K
  class space    used 8669K, committed 9472K, reserved 1048576K
}
Event: 535.938 GC heap after
{Heap after GC invocations=527 (full 4):
 PSYoungGen      total 6144K, used 265K [0x00000000d5580000, 0x00000000d5d00000, 0x0000000100000000)
  eden space 5120K, 0% used [0x00000000d5580000,0x00000000d5580000,0x00000000d5a80000)
  from space 1024K, 25% used [0x00000000d5b00000,0x00000000d5b42400,0x00000000d5c00000)
  to   space 512K, 0% used [0x00000000d5c80000,0x00000000d5c80000,0x00000000d5d00000)
 ParOldGen       total 186368K, used 186245K [0x0000000080000000, 0x000000008b600000, 0x00000000d5580000)
  object space 186368K, 99% used [0x0000000080000000,0x000000008b5e1680,0x000000008b600000)
 Metaspace       used 83241K, committed 85056K, reserved 1179648K
  class space    used 8669K, committed 9472K, reserved 1048576K
}
Event: 535.944 GC heap before
{Heap before GC invocations=528 (full 4):
 PSYoungGen      total 6144K, used 5385K [0x00000000d5580000, 0x00000000d5d00000, 0x0000000100000000)
  eden space 5120K, 100% used [0x00000000d5580000,0x00000000d5a80000,0x00000000d5a80000)
  from space 1024K, 25% used [0x00000000d5b00000,0x00000000d5b42400,0x00000000d5c00000)
  to   space 512K, 0% used [0x00000000d5c80000,0x00000000d5c80000,0x00000000d5d00000)
 ParOldGen       total 186368K, used 186245K [0x0000000080000000, 0x000000008b600000, 0x00000000d5580000)
  object space 186368K, 99% used [0x0000000080000000,0x000000008b5e1680,0x000000008b600000)
 Metaspace       used 83241K, committed 85056K, reserved 1179648K
  class space    used 8669K, committed 9472K, reserved 1048576K
}
Event: 535.946 GC heap after
{Heap after GC invocations=528 (full 4):
 PSYoungGen      total 5632K, used 496K [0x00000000d5580000, 0x00000000d5d80000, 0x0000000100000000)
  eden space 5120K, 0% used [0x00000000d5580000,0x00000000d5580000,0x00000000d5a80000)
  from space 512K, 96% used [0x00000000d5c80000,0x00000000d5cfc010,0x00000000d5d00000)
  to   space 1536K, 0% used [0x00000000d5a80000,0x00000000d5a80000,0x00000000d5c00000)
 ParOldGen       total 186880K, used 186766K [0x0000000080000000, 0x000000008b680000, 0x00000000d5580000)
  object space 186880K, 99% used [0x0000000080000000,0x000000008b663a90,0x000000008b680000)
 Metaspace       used 83241K, committed 85056K, reserved 1179648K
  class space    used 8669K, committed 9472K, reserved 1048576K
}
Event: 537.948 GC heap before
{Heap before GC invocations=529 (full 4):
 PSYoungGen      total 5632K, used 5616K [0x00000000d5580000, 0x00000000d5d80000, 0x0000000100000000)
  eden space 5120K, 100% used [0x00000000d5580000,0x00000000d5a80000,0x00000000d5a80000)
  from space 512K, 96% used [0x00000000d5c80000,0x00000000d5cfc010,0x00000000d5d00000)
  to   space 1536K, 0% used [0x00000000d5a80000,0x00000000d5a80000,0x00000000d5c00000)
 ParOldGen       total 186880K, used 186766K [0x0000000080000000, 0x000000008b680000, 0x00000000d5580000)
  object space 186880K, 99% used [0x0000000080000000,0x000000008b663a90,0x000000008b680000)
 Metaspace       used 83255K, committed 85056K, reserved 1179648K
  class space    used 8669K, committed 9472K, reserved 1048576K
}
Event: 537.949 GC heap after
{Heap after GC invocations=529 (full 4):
 PSYoungGen      total 6656K, used 1172K [0x00000000d5580000, 0x00000000d5d80000, 0x0000000100000000)
  eden space 5120K, 0% used [0x00000000d5580000,0x00000000d5580000,0x00000000d5a80000)
  from space 1536K, 76% used [0x00000000d5a80000,0x00000000d5ba5200,0x00000000d5c00000)
  to   space 1536K, 0% used [0x00000000d5c00000,0x00000000d5c00000,0x00000000d5d80000)
 ParOldGen       total 187392K, used 187286K [0x0000000080000000, 0x000000008b700000, 0x00000000d5580000)
  object space 187392K, 99% used [0x0000000080000000,0x000000008b6e5aa0,0x000000008b700000)
 Metaspace       used 83255K, committed 85056K, reserved 1179648K
  class space    used 8669K, committed 9472K, reserved 1048576K
}
Event: 537.962 GC heap before
{Heap before GC invocations=530 (full 4):
 PSYoungGen      total 6656K, used 6292K [0x00000000d5580000, 0x00000000d5d80000, 0x0000000100000000)
  eden space 5120K, 100% used [0x00000000d5580000,0x00000000d5a80000,0x00000000d5a80000)
  from space 1536K, 76% used [0x00000000d5a80000,0x00000000d5ba5200,0x00000000d5c00000)
  to   space 1536K, 0% used [0x00000000d5c00000,0x00000000d5c00000,0x00000000d5d80000)
 ParOldGen       total 187392K, used 187286K [0x0000000080000000, 0x000000008b700000, 0x00000000d5580000)
  object space 187392K, 99% used [0x0000000080000000,0x000000008b6e5aa0,0x000000008b700000)
 Metaspace       used 83274K, committed 85056K, reserved 1179648K
  class space    used 8670K, committed 9472K, reserved 1048576K
}
Event: 537.964 GC heap after
{Heap after GC invocations=530 (full 4):
 PSYoungGen      total 5632K, used 180K [0x00000000d5580000, 0x00000000d5c80000, 0x0000000100000000)
  eden space 5120K, 0% used [0x00000000d5580000,0x00000000d5580000,0x00000000d5a80000)
  from space 512K, 35% used [0x00000000d5c00000,0x00000000d5c2d200,0x00000000d5c80000)
  to   space 1024K, 0% used [0x00000000d5a80000,0x00000000d5a80000,0x00000000d5b80000)
 ParOldGen       total 188416K, used 188295K [0x0000000080000000, 0x000000008b800000, 0x00000000d5580000)
  object space 188416K, 99% used [0x0000000080000000,0x000000008b7e1fc0,0x000000008b800000)
 Metaspace       used 83274K, committed 85056K, reserved 1179648K
  class space    used 8670K, committed 9472K, reserved 1048576K
}
Event: 834.469 GC heap before
{Heap before GC invocations=531 (full 4):
 PSYoungGen      total 5632K, used 5300K [0x00000000d5580000, 0x00000000d5c80000, 0x0000000100000000)
  eden space 5120K, 100% used [0x00000000d5580000,0x00000000d5a80000,0x00000000d5a80000)
  from space 512K, 35% used [0x00000000d5c00000,0x00000000d5c2d200,0x00000000d5c80000)
  to   space 1024K, 0% used [0x00000000d5a80000,0x00000000d5a80000,0x00000000d5b80000)
 ParOldGen       total 188416K, used 188295K [0x0000000080000000, 0x000000008b800000, 0x00000000d5580000)
  object space 188416K, 99% used [0x0000000080000000,0x000000008b7e1fc0,0x000000008b800000)
 Metaspace       used 83325K, committed 85056K, reserved 1179648K
  class space    used 8678K, committed 9472K, reserved 1048576K
}
Event: 834.470 GC heap after
{Heap after GC invocations=531 (full 4):
 PSYoungGen      total 6144K, used 256K [0x00000000d5580000, 0x00000000d5c80000, 0x0000000100000000)
  eden space 5120K, 0% used [0x00000000d5580000,0x00000000d5580000,0x00000000d5a80000)
  from space 1024K, 25% used [0x00000000d5a80000,0x00000000d5ac0000,0x00000000d5b80000)
  to   space 512K, 0% used [0x00000000d5c00000,0x00000000d5c00000,0x00000000d5c80000)
 ParOldGen       total 188416K, used 188327K [0x0000000080000000, 0x000000008b800000, 0x00000000d5580000)
  object space 188416K, 99% used [0x0000000080000000,0x000000008b7e9fc0,0x000000008b800000)
 Metaspace       used 83325K, committed 85056K, reserved 1179648K
  class space    used 8678K, committed 9472K, reserved 1048576K
}

